<?xml version="1.0" encoding="UTF-8"?>
<testng-results skipped="0" failed="1" ignored="0" total="1" passed="0">
  <reporter-output>
    <line>
      <![CDATA[Sending A Message Using through Facebook Messenger]]>
    </line>
    <line>
      <![CDATA[The URl is: https://www.facebook.com/]]>
    </line>
    <line>
      <![CDATA[Title is: Facebook – log in or sign up]]>
    </line>
    <line>
      <![CDATA[Successfull]]>
    </line>
  </reporter-output>
  <suite name="Default suite" duration-ms="54273" started-at="2020-07-19T13:19:01 IST" finished-at="2020-07-19T13:19:55 IST">
    <groups>
    </groups>
    <test name="Default test" duration-ms="54273" started-at="2020-07-19T13:19:01 IST" finished-at="2020-07-19T13:19:55 IST">
      <class name="runner.testRunner">
        <test-method status="PASS" signature="productInfo()[pri:0, instance:runner.testRunner@7a187f14]" name="productInfo" is-config="true" duration-ms="14" started-at="2020-07-19T13:19:01 IST" finished-at="2020-07-19T13:19:01 IST">
          <reporter-output>
            <line>
              <![CDATA[Sending A Message Using through Facebook Messenger]]>
            </line>
          </reporter-output>
        </test-method> <!-- productInfo -->
        <test-method status="PASS" signature="setPro()[pri:0, instance:runner.testRunner@7a187f14]" name="setPro" is-config="true" duration-ms="0" started-at="2020-07-19T13:19:01 IST" finished-at="2020-07-19T13:19:01 IST">
          <reporter-output>
          </reporter-output>
        </test-method> <!-- setPro -->
        <test-method status="PASS" signature="openApp()[pri:0, instance:runner.testRunner@7a187f14]" name="openApp" is-config="true" duration-ms="10167" started-at="2020-07-19T13:19:01 IST" finished-at="2020-07-19T13:19:11 IST">
          <reporter-output>
            <line>
              <![CDATA[The URl is: https://www.facebook.com/]]>
            </line>
            <line>
              <![CDATA[Title is: Facebook – log in or sign up]]>
            </line>
          </reporter-output>
        </test-method> <!-- openApp -->
        <test-method status="FAIL" signature="sendindTextMessage()[pri:0, instance:runner.testRunner@7a187f14]" name="sendindTextMessage" duration-ms="42484" started-at="2020-07-19T13:19:11 IST" finished-at="2020-07-19T13:19:54 IST">
          <exception class="org.openqa.selenium.NoSuchElementException">
            <message>
              <![CDATA[no such element: Unable to locate element: {"method":"xpath","selector":"(//img[@class='hu5pjgll lzf7d6o1']/ancestor::div[2])[1]"}
  (Session info: chrome=84.0.4147.89)
For documentation on this error, please visit: https://www.seleniumhq.org/exceptions/no_such_element.html
Build info: version: '3.141.59', revision: 'e82be7d358', time: '2018-11-14T08:17:03'
System info: host: 'RAJKUMAR', ip: '192.168.43.2', os.name: 'Windows 10', os.arch: 'amd64', os.version: '10.0', java.version: '1.8.0_91'
Driver info: org.openqa.selenium.chrome.ChromeDriver
Capabilities {acceptInsecureCerts: false, browserName: chrome, browserVersion: 84.0.4147.89, chrome: {chromedriverVersion: 83.0.4103.39 (ccbf011cb2d2b..., userDataDir: C:\Users\Rajumar\AppData\Lo...}, goog:chromeOptions: {debuggerAddress: localhost:56161}, javascriptEnabled: true, networkConnectionEnabled: false, pageLoadStrategy: normal, platform: WINDOWS, platformName: WINDOWS, proxy: Proxy(), setWindowRect: true, strictFileInteractability: false, timeouts: {implicit: 0, pageLoad: 300000, script: 30000}, unhandledPromptBehavior: dismiss and notify, webauthn:virtualAuthenticators: true}
Session ID: 387b3a5fad614e374a0fca86a8f43f93
*** Element info: {Using=xpath, value=(//img[@class='hu5pjgll lzf7d6o1']/ancestor::div[2])[1]}]]>
            </message>
            <full-stacktrace>
              <![CDATA[org.openqa.selenium.NoSuchElementException: no such element: Unable to locate element: {"method":"xpath","selector":"(//img[@class='hu5pjgll lzf7d6o1']/ancestor::div[2])[1]"}
  (Session info: chrome=84.0.4147.89)
For documentation on this error, please visit: https://www.seleniumhq.org/exceptions/no_such_element.html
Build info: version: '3.141.59', revision: 'e82be7d358', time: '2018-11-14T08:17:03'
System info: host: 'RAJKUMAR', ip: '192.168.43.2', os.name: 'Windows 10', os.arch: 'amd64', os.version: '10.0', java.version: '1.8.0_91'
Driver info: org.openqa.selenium.chrome.ChromeDriver
Capabilities {acceptInsecureCerts: false, browserName: chrome, browserVersion: 84.0.4147.89, chrome: {chromedriverVersion: 83.0.4103.39 (ccbf011cb2d2b..., userDataDir: C:\Users\Rajumar\AppData\Lo...}, goog:chromeOptions: {debuggerAddress: localhost:56161}, javascriptEnabled: true, networkConnectionEnabled: false, pageLoadStrategy: normal, platform: WINDOWS, platformName: WINDOWS, proxy: Proxy(), setWindowRect: true, strictFileInteractability: false, timeouts: {implicit: 0, pageLoad: 300000, script: 30000}, unhandledPromptBehavior: dismiss and notify, webauthn:virtualAuthenticators: true}
Session ID: 387b3a5fad614e374a0fca86a8f43f93
*** Element info: {Using=xpath, value=(//img[@class='hu5pjgll lzf7d6o1']/ancestor::div[2])[1]}
at sun.reflect.NativeConstructorAccessorImpl.newInstance0(Native Method)
at sun.reflect.NativeConstructorAccessorImpl.newInstance(Unknown Source)
at sun.reflect.DelegatingConstructorAccessorImpl.newInstance(Unknown Source)
at java.lang.reflect.Constructor.newInstance(Unknown Source)
at org.openqa.selenium.remote.http.W3CHttpResponseCodec.createException(W3CHttpResponseCodec.java:187)
at org.openqa.selenium.remote.http.W3CHttpResponseCodec.decode(W3CHttpResponseCodec.java:122)
at org.openqa.selenium.remote.http.W3CHttpResponseCodec.decode(W3CHttpResponseCodec.java:49)
at org.openqa.selenium.remote.HttpCommandExecutor.execute(HttpCommandExecutor.java:158)
at org.openqa.selenium.remote.service.DriverCommandExecutor.execute(DriverCommandExecutor.java:83)
at org.openqa.selenium.remote.RemoteWebDriver.execute(RemoteWebDriver.java:552)
at org.openqa.selenium.remote.RemoteWebDriver.findElement(RemoteWebDriver.java:323)
at org.openqa.selenium.remote.RemoteWebDriver.findElementByXPath(RemoteWebDriver.java:428)
at org.openqa.selenium.By$ByXPath.findElement(By.java:353)
at org.openqa.selenium.remote.RemoteWebDriver.findElement(RemoteWebDriver.java:315)
at org.openqa.selenium.support.pagefactory.DefaultElementLocator.findElement(DefaultElementLocator.java:69)
at org.openqa.selenium.support.pagefactory.internal.LocatingElementHandler.invoke(LocatingElementHandler.java:38)
at com.sun.proxy.$Proxy13.click(Unknown Source)
at com.facebook.page.Account_Page.accountOption(Account_Page.java:25)
at runner.testRunner.sendindTextMessage(testRunner.java:43)
at sun.reflect.NativeMethodAccessorImpl.invoke0(Native Method)
at sun.reflect.NativeMethodAccessorImpl.invoke(Unknown Source)
at sun.reflect.DelegatingMethodAccessorImpl.invoke(Unknown Source)
at java.lang.reflect.Method.invoke(Unknown Source)
at org.testng.internal.MethodInvocationHelper.invokeMethod(MethodInvocationHelper.java:135)
at org.testng.internal.TestInvoker.invokeMethod(TestInvoker.java:598)
at org.testng.internal.TestInvoker.invokeTestMethod(TestInvoker.java:174)
at org.testng.internal.MethodRunner.runInSequence(MethodRunner.java:46)
at org.testng.internal.TestInvoker$MethodInvocationAgent.invoke(TestInvoker.java:821)
at org.testng.internal.TestInvoker.invokeTestMethods(TestInvoker.java:147)
at org.testng.internal.TestMethodWorker.invokeTestMethods(TestMethodWorker.java:146)
at org.testng.internal.TestMethodWorker.run(TestMethodWorker.java:128)
at java.util.ArrayList.forEach(Unknown Source)
at org.testng.TestRunner.privateRun(TestRunner.java:767)
at org.testng.TestRunner.run(TestRunner.java:588)
at org.testng.SuiteRunner.runTest(SuiteRunner.java:384)
at org.testng.SuiteRunner.runSequentially(SuiteRunner.java:378)
at org.testng.SuiteRunner.privateRun(SuiteRunner.java:337)
at org.testng.SuiteRunner.run(SuiteRunner.java:286)
at org.testng.SuiteRunnerWorker.runSuite(SuiteRunnerWorker.java:53)
at org.testng.SuiteRunnerWorker.run(SuiteRunnerWorker.java:96)
at org.testng.TestNG.runSuitesSequentially(TestNG.java:1214)
at org.testng.TestNG.runSuitesLocally(TestNG.java:1136)
at org.testng.TestNG.runSuites(TestNG.java:1066)
at org.testng.TestNG.run(TestNG.java:1034)
at org.testng.remote.AbstractRemoteTestNG.run(AbstractRemoteTestNG.java:115)
at org.testng.remote.RemoteTestNG.initAndRun(RemoteTestNG.java:251)
at org.testng.remote.RemoteTestNG.main(RemoteTestNG.java:77)
]]>
            </full-stacktrace>
          </exception> <!-- org.openqa.selenium.NoSuchElementException -->
          <reporter-output>
          </reporter-output>
        </test-method> <!-- sendindTextMessage -->
        <test-method status="PASS" signature="closeApp(org.testng.ITestResult)[pri:0, instance:runner.testRunner@7a187f14]" name="closeApp" is-config="true" duration-ms="1578" started-at="2020-07-19T13:19:54 IST" finished-at="2020-07-19T13:19:55 IST">
          <params>
            <param index="0">
              <value>
                <![CDATA[[TestResult name=sendindTextMessage status=FAILURE method=testRunner.sendindTextMessage()[pri:0, instance:runner.testRunner@7a187f14] output={null}]]]>
              </value>
            </param>
          </params>
          <reporter-output>
          </reporter-output>
        </test-method> <!-- closeApp -->
        <test-method status="PASS" signature="excelReport()[pri:0, instance:runner.testRunner@7a187f14]" name="excelReport" is-config="true" duration-ms="0" started-at="2020-07-19T13:19:55 IST" finished-at="2020-07-19T13:19:55 IST">
          <reporter-output>
            <line>
              <![CDATA[Successfull]]>
            </line>
          </reporter-output>
        </test-method> <!-- excelReport -->
      </class> <!-- runner.testRunner -->
    </test> <!-- Default test -->
  </suite> <!-- Default suite -->
</testng-results>
